Determining if the pthread_create exist failed with the following output:
Change Dir: /home/arijit/AK_Progs/RGBD-Vision/ROS-Packages/rgbdslam/catkin_ws/build/CMakeFiles/CMakeTmp

Run Build Command:"/usr/bin/make" "cmTryCompileExec481498159/fast"
/usr/bin/make -f CMakeFiles/cmTryCompileExec481498159.dir/build.make CMakeFiles/cmTryCompileExec481498159.dir/build
make[1]: Entering directory `/home/arijit/AK_Progs/RGBD-Vision/ROS-Packages/rgbdslam/catkin_ws/build/CMakeFiles/CMakeTmp'
/usr/bin/cmake -E cmake_progress_report /home/arijit/AK_Progs/RGBD-Vision/ROS-Packages/rgbdslam/catkin_ws/build/CMakeFiles/CMakeTmp/CMakeFiles 1
Building C object CMakeFiles/cmTryCompileExec481498159.dir/CheckSymbolExists.c.o
/usr/bin/cc    -o CMakeFiles/cmTryCompileExec481498159.dir/CheckSymbolExists.c.o   -c /home/arijit/AK_Progs/RGBD-Vision/ROS-Packages/rgbdslam/catkin_ws/build/CMakeFiles/CMakeTmp/CheckSymbolExists.c
Linking C executable cmTryCompileExec481498159
/usr/bin/cmake -E cmake_link_script CMakeFiles/cmTryCompileExec481498159.dir/link.txt --verbose=1
/usr/bin/cc       CMakeFiles/cmTryCompileExec481498159.dir/CheckSymbolExists.c.o  -o cmTryCompileExec481498159 -rdynamic 
CMakeFiles/cmTryCompileExec481498159.dir/CheckSymbolExists.c.o: In function `main':
CheckSymbolExists.c:(.text+0x16): undefined reference to `pthread_create'
collect2: error: ld returned 1 exit status
make[1]: Leaving directory `/home/arijit/AK_Progs/RGBD-Vision/ROS-Packages/rgbdslam/catkin_ws/build/CMakeFiles/CMakeTmp'
make[1]: *** [cmTryCompileExec481498159] Error 1
make: *** [cmTryCompileExec481498159/fast] Error 2

File /home/arijit/AK_Progs/RGBD-Vision/ROS-Packages/rgbdslam/catkin_ws/build/CMakeFiles/CMakeTmp/CheckSymbolExists.c:
/* */
#include <pthread.h>

int main(int argc, char** argv)
{
  (void)argv;
#ifndef pthread_create
  return ((int*)(&pthread_create))[argc];
#else
  (void)argc;
  return 0;
#endif
}

Determining if the function pthread_create exists in the pthreads failed with the following output:
Change Dir: /home/arijit/AK_Progs/RGBD-Vision/ROS-Packages/rgbdslam/catkin_ws/build/CMakeFiles/CMakeTmp

Run Build Command:"/usr/bin/make" "cmTryCompileExec1178690705/fast"
/usr/bin/make -f CMakeFiles/cmTryCompileExec1178690705.dir/build.make CMakeFiles/cmTryCompileExec1178690705.dir/build
make[1]: Entering directory `/home/arijit/AK_Progs/RGBD-Vision/ROS-Packages/rgbdslam/catkin_ws/build/CMakeFiles/CMakeTmp'
/usr/bin/cmake -E cmake_progress_report /home/arijit/AK_Progs/RGBD-Vision/ROS-Packages/rgbdslam/catkin_ws/build/CMakeFiles/CMakeTmp/CMakeFiles 1
Building C object CMakeFiles/cmTryCompileExec1178690705.dir/CheckFunctionExists.c.o
/usr/bin/cc   -DCHECK_FUNCTION_EXISTS=pthread_create   -o CMakeFiles/cmTryCompileExec1178690705.dir/CheckFunctionExists.c.o   -c /usr/share/cmake-3.2/Modules/CheckFunctionExists.c
Linking C executable cmTryCompileExec1178690705
/usr/bin/cmake -E cmake_link_script CMakeFiles/cmTryCompileExec1178690705.dir/link.txt --verbose=1
/usr/bin/cc   -DCHECK_FUNCTION_EXISTS=pthread_create    CMakeFiles/cmTryCompileExec1178690705.dir/CheckFunctionExists.c.o  -o cmTryCompileExec1178690705 -rdynamic -lpthreads 
/usr/bin/ld: cannot find -lpthreads
collect2: error: ld returned 1 exit status
make[1]: Leaving directory `/home/arijit/AK_Progs/RGBD-Vision/ROS-Packages/rgbdslam/catkin_ws/build/CMakeFiles/CMakeTmp'
make[1]: *** [cmTryCompileExec1178690705] Error 1
make: *** [cmTryCompileExec1178690705/fast] Error 2


